<?xml version="1.0" encoding="UTF-8"?>
<testsuite xmlns:xsi="http://www.w3.org/2001/XMLSchema-instance" xsi:noNamespaceSchemaLocation="https://maven.apache.org/surefire/maven-surefire-plugin/xsd/surefire-test-report-3.0.xsd" version="3.0" name="com.eazybytes.eazyschool.EazyschoolApplicationTests" time="29.36" tests="1" errors="0" skipped="0" failures="0">
  <properties>
[...]
</properties>
  <testcase name="contextLoads" classname="com.eazybytes.eazyschool.EazyschoolApplicationTests" time="1.829">
    <system-out><![CDATA[22:50:11,101 |-INFO in ch.qos.logback.classic.LoggerContext[default] - This is logback-classic version 1.4.14
22:50:11,107 |-INFO in ch.qos.logback.classic.util.ContextInitializer@3370f42 - Here is a list of configurators discovered as a service, by rank: 
22:50:11,107 |-INFO in ch.qos.logback.classic.util.ContextInitializer@3370f42 -   org.springframework.boot.logging.logback.RootLogLevelConfigurator
22:50:11,107 |-INFO in ch.qos.logback.classic.util.ContextInitializer@3370f42 - They will be invoked in order until ExecutionStatus.DO_NOT_INVOKE_NEXT_IF_ANY is returned.
22:50:11,108 |-INFO in ch.qos.logback.classic.util.ContextInitializer@3370f42 - Constructed configurator of type class org.springframework.boot.logging.logback.RootLogLevelConfigurator
22:50:11,120 |-INFO in ch.qos.logback.classic.util.ContextInitializer@3370f42 - org.springframework.boot.logging.logback.RootLogLevelConfigurator.configure() call lasted 1 milliseconds. ExecutionStatus=INVOKE_NEXT_IF_ANY
22:50:11,120 |-INFO in ch.qos.logback.classic.util.ContextInitializer@3370f42 - Trying to configure with ch.qos.logback.classic.joran.SerializedModelConfigurator
22:50:11,121 |-INFO in ch.qos.logback.classic.util.ContextInitializer@3370f42 - Constructed configurator of type class ch.qos.logback.classic.joran.SerializedModelConfigurator
22:50:11,125 |-INFO in ch.qos.logback.classic.LoggerContext[default] - Could NOT find resource [logback-test.scmo]
22:50:11,125 |-INFO in ch.qos.logback.classic.LoggerContext[default] - Could NOT find resource [logback.scmo]
22:50:11,125 |-INFO in ch.qos.logback.classic.util.ContextInitializer@3370f42 - ch.qos.logback.classic.joran.SerializedModelConfigurator.configure() call lasted 4 milliseconds. ExecutionStatus=INVOKE_NEXT_IF_ANY
22:50:11,125 |-INFO in ch.qos.logback.classic.util.ContextInitializer@3370f42 - Trying to configure with ch.qos.logback.classic.util.DefaultJoranConfigurator
22:50:11,126 |-INFO in ch.qos.logback.classic.util.ContextInitializer@3370f42 - Constructed configurator of type class ch.qos.logback.classic.util.DefaultJoranConfigurator
22:50:11,127 |-INFO in ch.qos.logback.classic.LoggerContext[default] - Could NOT find resource [logback-test.xml]
22:50:11,131 |-INFO in ch.qos.logback.classic.LoggerContext[default] - Found resource [logback.xml] at [file:/C:/Users/home/Downloads/EazsySchool-main/EazsySchool-main/target/classes/logback.xml]
22:50:11,320 |-INFO in ch.qos.logback.core.model.processor.AppenderModelHandler - Processing appender named [Console]
22:50:11,321 |-INFO in ch.qos.logback.core.model.processor.AppenderModelHandler - About to instantiate appender of type [ch.qos.logback.core.ConsoleAppender]
22:50:11,416 |-WARN in ch.qos.logback.core.ConsoleAppender[Console] - This appender no longer admits a layout as a sub-component, set an encoder instead.
22:50:11,416 |-WARN in ch.qos.logback.core.ConsoleAppender[Console] - To ensure compatibility, wrapping your layout in LayoutWrappingEncoder.
22:50:11,416 |-WARN in ch.qos.logback.core.ConsoleAppender[Console] - See also http://logback.qos.ch/codes.html#layoutInsteadOfEncoder for details
22:50:11,416 |-INFO in ch.qos.logback.core.model.processor.AppenderModelHandler - Processing appender named [RollingFile]
22:50:11,416 |-INFO in ch.qos.logback.core.model.processor.AppenderModelHandler - About to instantiate appender of type [ch.qos.logback.core.rolling.RollingFileAppender]
22:50:11,460 |-INFO in c.q.l.core.rolling.TimeBasedRollingPolicy@1616359099 - No compression will be used
22:50:11,463 |-INFO in c.q.l.core.rolling.TimeBasedRollingPolicy@1616359099 - Will use the pattern C://logs/archived/spring-boot-logger-%d{yyyy-MM-dd}.%i.log for the active file
22:50:11,470 |-INFO in ch.qos.logback.core.rolling.SizeAndTimeBasedFNATP@63eef88a - The date pattern is 'yyyy-MM-dd' from file name pattern 'C://logs/archived/spring-boot-logger-%d{yyyy-MM-dd}.%i.log'.
22:50:11,470 |-INFO in ch.qos.logback.core.rolling.SizeAndTimeBasedFNATP@63eef88a - Roll-over at midnight.
22:50:11,472 |-INFO in ch.qos.logback.core.rolling.SizeAndTimeBasedFNATP@63eef88a - Setting initial period to 2024-09-08T16:19:18.745Z
22:50:11,472 |-WARN in ch.qos.logback.core.rolling.SizeAndTimeBasedFNATP@63eef88a - SizeAndTimeBasedFNATP is deprecated. Use SizeAndTimeBasedRollingPolicy instead
22:50:11,472 |-WARN in ch.qos.logback.core.rolling.SizeAndTimeBasedFNATP@63eef88a - For more information see http://logback.qos.ch/manual/appenders.html#SizeAndTimeBasedRollingPolicy
22:50:11,485 |-INFO in ch.qos.logback.core.rolling.RollingFileAppender[RollingFile] - Active log file name: C://logs/spring-boot-logger.log
22:50:11,486 |-INFO in ch.qos.logback.core.rolling.RollingFileAppender[RollingFile] - File property is set to [C://logs/spring-boot-logger.log]
22:50:11,488 |-INFO in ch.qos.logback.classic.model.processor.RootLoggerModelHandler - Setting level of ROOT logger to INFO
22:50:11,489 |-INFO in ch.qos.logback.core.model.processor.AppenderRefModelHandler - Attaching appender named [RollingFile] to Logger[ROOT]
22:50:11,490 |-INFO in ch.qos.logback.core.model.processor.AppenderRefModelHandler - Attaching appender named [Console] to Logger[ROOT]
22:50:11,492 |-INFO in ch.qos.logback.classic.model.processor.LoggerModelHandler - Setting level of logger [com.eazybytes.eazyschool] to ERROR
22:50:11,497 |-INFO in ch.qos.logback.classic.model.processor.LoggerModelHandler - Setting additivity of logger [com.eazybytes.eazyschool] to false
22:50:11,497 |-INFO in ch.qos.logback.core.model.processor.AppenderRefModelHandler - Attaching appender named [RollingFile] to Logger[com.eazybytes.eazyschool]
22:50:11,497 |-INFO in ch.qos.logback.core.model.processor.AppenderRefModelHandler - Attaching appender named [Console] to Logger[com.eazybytes.eazyschool]
22:50:11,497 |-INFO in ch.qos.logback.core.model.processor.DefaultProcessor@53251a66 - End of configuration.
22:50:11,499 |-INFO in ch.qos.logback.classic.joran.JoranConfigurator@6853425f - Registering current configuration as safe fallback point
22:50:11,499 |-INFO in ch.qos.logback.classic.util.ContextInitializer@3370f42 - ch.qos.logback.classic.util.DefaultJoranConfigurator.configure() call lasted 373 milliseconds. ExecutionStatus=DO_NOT_INVOKE_NEXT_IF_ANY

&amp#27;[30m2024-09-08 22:50:11,796&amp#27;[0;39m &amp#27;[34mINFO &amp#27;[0;39m [&amp#27;[34mmain&amp#27;[0;39m] &amp#27;[33mo.s.t.c.s.AnnotationConfigContextLoaderUtils&amp#27;[0;39m: Could not detect default configuration classes for test class [com.eazybytes.eazyschool.EazyschoolApplicationTests]: EazyschoolApplicationTests does not declare any static, non-private, non-final, nested classes annotated with @Configuration.
&amp#27;[30m2024-09-08 22:50:12,124&amp#27;[0;39m &amp#27;[34mINFO &amp#27;[0;39m [&amp#27;[34mmain&amp#27;[0;39m] &amp#27;[33mo.s.b.t.c.SpringBootTestContextBootstrapper&amp#27;[0;39m: Found @SpringBootConfiguration com.eazybytes.eazyschool.EazyschoolApplication for test class com.eazybytes.eazyschool.EazyschoolApplicationTests
&amp#27;[30m2024-09-08 22:50:12,466&amp#27;[0;39m &amp#27;[34mINFO &amp#27;[0;39m [&amp#27;[34mmain&amp#27;[0;39m] &amp#27;[33mo.s.b.d.r.RestartApplicationListener&amp#27;[0;39m: Restart disabled due to context in which it is running
22:50:12,846 |-INFO in ch.qos.logback.core.model.processor.AppenderModelHandler - Processing appender named [Console]
22:50:12,846 |-INFO in ch.qos.logback.core.model.processor.AppenderModelHandler - About to instantiate appender of type [ch.qos.logback.core.ConsoleAppender]
22:50:12,847 |-WARN in ch.qos.logback.core.ConsoleAppender[Console] - This appender no longer admits a layout as a sub-component, set an encoder instead.
22:50:12,847 |-WARN in ch.qos.logback.core.ConsoleAppender[Console] - To ensure compatibility, wrapping your layout in LayoutWrappingEncoder.
22:50:12,847 |-WARN in ch.qos.logback.core.ConsoleAppender[Console] - See also http://logback.qos.ch/codes.html#layoutInsteadOfEncoder for details
22:50:12,847 |-INFO in ch.qos.logback.core.model.processor.AppenderModelHandler - Processing appender named [RollingFile]
22:50:12,847 |-INFO in ch.qos.logback.core.model.processor.AppenderModelHandler - About to instantiate appender of type [ch.qos.logback.core.rolling.RollingFileAppender]
22:50:12,850 |-INFO in c.q.l.core.rolling.TimeBasedRollingPolicy@1538849250 - No compression will be used
22:50:12,850 |-INFO in c.q.l.core.rolling.TimeBasedRollingPolicy@1538849250 - Will use the pattern C://logs/archived/spring-boot-logger-%d{yyyy-MM-dd}.%i.log for the active file
22:50:12,851 |-INFO in ch.qos.logback.core.rolling.SizeAndTimeBasedFNATP@6a933be2 - The date pattern is 'yyyy-MM-dd' from file name pattern 'C://logs/archived/spring-boot-logger-%d{yyyy-MM-dd}.%i.log'.
22:50:12,851 |-INFO in ch.qos.logback.core.rolling.SizeAndTimeBasedFNATP@6a933be2 - Roll-over at midnight.
22:50:12,852 |-INFO in ch.qos.logback.core.rolling.SizeAndTimeBasedFNATP@6a933be2 - Setting initial period to 2024-09-08T20:50:12.466Z
22:50:12,852 |-WARN in ch.qos.logback.core.rolling.SizeAndTimeBasedFNATP@6a933be2 - SizeAndTimeBasedFNATP is deprecated. Use SizeAndTimeBasedRollingPolicy instead
22:50:12,852 |-WARN in ch.qos.logback.core.rolling.SizeAndTimeBasedFNATP@6a933be2 - For more information see http://logback.qos.ch/manual/appenders.html#SizeAndTimeBasedRollingPolicy
22:50:12,853 |-INFO in ch.qos.logback.core.rolling.RollingFileAppender[RollingFile] - Active log file name: C://logs/spring-boot-logger.log
22:50:12,853 |-INFO in ch.qos.logback.core.rolling.RollingFileAppender[RollingFile] - File property is set to [C://logs/spring-boot-logger.log]
22:50:12,853 |-INFO in ch.qos.logback.classic.model.processor.RootLoggerModelHandler - Setting level of ROOT logger to INFO
22:50:12,854 |-INFO in ch.qos.logback.classic.jul.LevelChangePropagator@5f78de22 - Propagating INFO level on Logger[ROOT] onto the JUL framework
22:50:12,855 |-INFO in ch.qos.logback.core.model.processor.AppenderRefModelHandler - Attaching appender named [RollingFile] to Logger[ROOT]
22:50:12,855 |-INFO in ch.qos.logback.core.model.processor.AppenderRefModelHandler - Attaching appender named [Console] to Logger[ROOT]
22:50:12,855 |-INFO in ch.qos.logback.classic.model.processor.LoggerModelHandler - Setting level of logger [com.eazybytes.eazyschool] to ERROR
22:50:12,855 |-INFO in ch.qos.logback.classic.jul.LevelChangePropagator@5f78de22 - Propagating ERROR level on Logger[com.eazybytes.eazyschool] onto the JUL framework
22:50:12,855 |-INFO in ch.qos.logback.classic.model.processor.LoggerModelHandler - Setting additivity of logger [com.eazybytes.eazyschool] to false
22:50:12,855 |-INFO in ch.qos.logback.core.model.processor.AppenderRefModelHandler - Attaching appender named [RollingFile] to Logger[com.eazybytes.eazyschool]
22:50:12,855 |-INFO in ch.qos.logback.core.model.processor.AppenderRefModelHandler - Attaching appender named [Console] to Logger[com.eazybytes.eazyschool]
22:50:12,855 |-INFO in ch.qos.logback.core.model.processor.DefaultProcessor@516ebdf8 - End of configuration.
22:50:12,855 |-INFO in org.springframework.boot.logging.logback.SpringBootJoranConfigurator@4d8539de - Registering current configuration as safe fallback point


  .   ____          _            __ _ _
 /\\ / ___'_ __ _ _(_)_ __  __ _ \ \ \ \
( ( )\___ | '_ | '_| | '_ \/ _` | \ \ \ \
 \\/  ___)| |_)| | | | | || (_| |  ) ) ) )
  '  |____| .__|_| |_|_| |_\__, | / / / /
 =========|_|==============|___/=/_/_/_/
&amp#27;[32m :: Spring Boot :: &amp#27;[39m              &amp#27;[2m (v3.2.3)&amp#27;[0;39m

&amp#27;[30m2024-09-08 22:50:17,952&amp#27;[0;39m &amp#27;[31mWARN &amp#27;[0;39m [&amp#27;[34mmain&amp#27;[0;39m] &amp#27;[33mo.h.j.b.i.EntityManagerFactoryBuilderImpl&amp#27;[0;39m: HHH90000021: Encountered deprecated setting [javax.persistence.validation.mode], use [jakarta.persistence.validation.mode] instead
&amp#27;[30m2024-09-08 22:50:19,881&amp#27;[0;39m &amp#27;[31mWARN &amp#27;[0;39m [&amp#27;[34mmain&amp#27;[0;39m] &amp#27;[33mo.h.e.j.d.i.DialectFactoryImpl&amp#27;[0;39m: HHH90000025: MySQLDialect does not need to be specified explicitly using 'hibernate.dialect' (remove the property setting and it will be selected by default)
&amp#27;[30m2024-09-08 22:50:30,368&amp#27;[0;39m &amp#27;[31mWARN &amp#27;[0;39m [&amp#27;[34mmain&amp#27;[0;39m] &amp#27;[33mo.s.d.j.r.q.NamedQuery&amp#27;[0;39m: Finder method public abstract org.springframework.data.domain.Page com.eazybytes.eazyschool.repository.ContactRepository.findOpenMsgs(java.lang.String,org.springframework.data.domain.Pageable) is backed by a NamedQuery but contains a Pageable parameter; Sorting delivered via this Pageable will not be applied
&amp#27;[30m2024-09-08 22:50:30,527&amp#27;[0;39m &amp#27;[31mWARN &amp#27;[0;39m [&amp#27;[34mmain&amp#27;[0;39m] &amp#27;[33mo.s.d.j.r.q.NamedQuery&amp#27;[0;39m: Finder method public abstract org.springframework.data.domain.Page com.eazybytes.eazyschool.repository.ContactRepository.findOpenMsgsNative(java.lang.String,org.springframework.data.domain.Pageable) is backed by a NamedQuery but contains a Pageable parameter; Sorting delivered via this Pageable will not be applied
&amp#27;[30m2024-09-08 22:50:31,349&amp#27;[0;39m &amp#27;[31mWARN &amp#27;[0;39m [&amp#27;[34mmain&amp#27;[0;39m] &amp#27;[33mo.s.b.a.o.j.JpaBaseConfiguration$JpaWebConfiguration&amp#27;[0;39m: spring.jpa.open-in-view is enabled by default. Therefore, database queries may be performed during view rendering. Explicitly configure spring.jpa.open-in-view to disable this warning
]]></system-out>
    <system-err><![CDATA[WARNING: A Java agent has been loaded dynamically (C:\Users\home\.m2\repository\net\bytebuddy\byte-buddy-agent\1.14.12\byte-buddy-agent-1.14.12.jar)
WARNING: If a serviceability tool is in use, please run with -XX:+EnableDynamicAgentLoading to hide this warning
WARNING: If a serviceability tool is not in use, please run with -Djdk.instrument.traceUsage for more information
WARNING: Dynamic loading of agents will be disallowed by default in a future release
]]></system-err>
  </testcase>
</testsuite>